<?xml version="1.0" encoding="UTF-8"?>
<!-- Generated by org.testng.reporters.JUnitXMLReporter -->
<testsuite ignored="8" hostname="Sravanthis-MacBook-Pro.local" failures="0" tests="1" name="Test" time="64.899" errors="0" timestamp="2024-07-04T11:04:45 SGT">
  <testcase classname="tests.TestRunner" name="launchMagicUrl" time="29.14"/>
  <testcase classname="tests.TestRunner" name="redeemRewardPointsForGiftCardWithinBalance" time="0.0">
    <ignored/>
  </testcase> <!-- redeemRewardPointsForGiftCardWithinBalance -->
  <testcase classname="tests.TestRunner" name="searchAppleGiftCard" time="0.0">
    <ignored/>
  </testcase> <!-- searchAppleGiftCard -->
  <testcase classname="tests.TestRunner" name="redeemRewardPointsForGiftCardOverRanged" time="0.0">
    <ignored/>
  </testcase> <!-- redeemRewardPointsForGiftCardOverRanged -->
  <testcase classname="tests.TestRunner" name="validateRewardPointsOnPointActivity" time="0.0">
    <ignored/>
  </testcase> <!-- validateRewardPointsOnPointActivity -->
  <testcase classname="tests.TestRunner" name="searchInvalidGiftCard" time="0.0">
    <ignored/>
  </testcase> <!-- searchInvalidGiftCard -->
  <testcase classname="tests.TestRunner" name="redemptionFailedAndPointsUpdated" time="0.0">
    <ignored/>
  </testcase> <!-- redemptionFailedAndPointsUpdated -->
  <testcase classname="tests.TestRunner" name="reviewDetails" time="0.0">
    <ignored/>
  </testcase> <!-- reviewDetails -->
  <testcase classname="tests.TestRunner" name="validateRemainingPointsBalanceWithGetUserInfoResponse" time="0.0">
    <ignored/>
  </testcase> <!-- validateRemainingPointsBalanceWithGetUserInfoResponse -->
</testsuite> <!-- Test -->
